<?xml version="1.0" encoding="UTF-8"?>
<!-- Generated by org.testng.reporters.JUnitXMLReporter -->
<testsuite ignored="0" hostname="LT32062ITD035" failures="0" tests="9" name="Default test" time="0.101" errors="0" timestamp="2024-06-18T14:44:11 ICT">
  <testcase classname="Base.BaseSetup" name="@BeforeClass initializeTestBaseSetup" time="-1.718696651617E9">
    <failure type="org.testng.TestNGException" message="
Parameter &amp;apos;browserType&amp;apos; is required by BeforeClass on method initializeTestBaseSetup but has not been marked @Optional or defined
in C:\Users\linhdq\AppData\Local\Temp\testng-eclipse-23178295\testng-customsuite.xml">
      <![CDATA[org.testng.TestNGException: 
Parameter 'browserType' is required by BeforeClass on method initializeTestBaseSetup but has not been marked @Optional or defined
in C:\Users\linhdq\AppData\Local\Temp\testng-eclipse-23178295\testng-customsuite.xml
at org.testng.internal.Parameters.createParams(Parameters.java:270)
at org.testng.internal.Parameters.createParametersForMethod(Parameters.java:358)
at org.testng.internal.Parameters.createParameters(Parameters.java:700)
at org.testng.internal.Parameters.createConfigurationParameters(Parameters.java:168)
at org.testng.internal.ConfigInvoker.invokeConfigurations(ConfigInvoker.java:302)
at org.testng.internal.TestMethodWorker.invokeBeforeClassMethods(TestMethodWorker.java:176)
at org.testng.internal.TestMethodWorker.run(TestMethodWorker.java:122)
at java.base/java.util.ArrayList.forEach(ArrayList.java:1511)
at org.testng.TestRunner.privateRun(TestRunner.java:794)
at org.testng.TestRunner.run(TestRunner.java:596)
at org.testng.SuiteRunner.runTest(SuiteRunner.java:377)
at org.testng.SuiteRunner.runSequentially(SuiteRunner.java:371)
at org.testng.SuiteRunner.privateRun(SuiteRunner.java:332)
at org.testng.SuiteRunner.run(SuiteRunner.java:276)
at org.testng.SuiteRunnerWorker.runSuite(SuiteRunnerWorker.java:53)
at org.testng.SuiteRunnerWorker.run(SuiteRunnerWorker.java:96)
at org.testng.TestNG.runSuitesSequentially(TestNG.java:1212)
at org.testng.TestNG.runSuitesLocally(TestNG.java:1134)
at org.testng.TestNG.runSuites(TestNG.java:1063)
at org.testng.TestNG.run(TestNG.java:1031)
at org.testng.remote.AbstractRemoteTestNG.run(AbstractRemoteTestNG.java:115)
at org.testng.remote.RemoteTestNG.initAndRun(RemoteTestNG.java:293)
at org.testng.remote.RemoteTestNG.main(RemoteTestNG.java:91)
]]>
    </failure>
  </testcase> <!-- @BeforeClass initializeTestBaseSetup -->
  <testcase classname="customerTest.customerTest" name="@BeforeMethod setUp" time="-1.71869665165E9">
    <skipped/>
  </testcase> <!-- @BeforeMethod setUp -->
  <testcase classname="customerTest.customerTest" name="@BeforeMethod setUp" time="-1.718696651661E9">
    <skipped/>
  </testcase> <!-- @BeforeMethod setUp -->
  <testcase classname="customerTest.customerTest" name="@BeforeMethod setUp" time="-1.718696651665E9">
    <skipped/>
  </testcase> <!-- @BeforeMethod setUp -->
  <testcase classname="customerTest.customerTest" name="@BeforeMethod setUp" time="-1.718696651668E9">
    <skipped/>
  </testcase> <!-- @BeforeMethod setUp -->
  <testcase classname="customerTest.customerTest" name="@BeforeMethod setUp" time="-1.718696651671E9">
    <skipped/>
  </testcase> <!-- @BeforeMethod setUp -->
  <testcase classname="customerTest.customerTest" name="@BeforeMethod setUp" time="-1.718696651675E9">
    <skipped/>
  </testcase> <!-- @BeforeMethod setUp -->
  <testcase classname="customerTest.customerTest" name="@BeforeMethod setUp" time="-1.718696651679E9">
    <skipped/>
  </testcase> <!-- @BeforeMethod setUp -->
  <testcase classname="customerTest.customerTest" name="@BeforeMethod setUp" time="-1.718696651682E9">
    <skipped/>
  </testcase> <!-- @BeforeMethod setUp -->
  <testcase classname="customerTest.customerTest" name="@BeforeMethod setUp" time="-1.718696651684E9">
    <skipped/>
  </testcase> <!-- @BeforeMethod setUp -->
  <testcase classname="Base.BaseSetup" name="@AfterClass tearDown" time="-1.718696651685E9">
    <skipped/>
  </testcase> <!-- @AfterClass tearDown -->
  <testcase classname="customerTest.customerTest" name="customerTest001" time="0.0">
    <skipped/>
  </testcase> <!-- customerTest001 -->
  <testcase classname="customerTest.customerTest" name="customerTest002" time="0.0">
    <skipped/>
  </testcase> <!-- customerTest002 -->
  <testcase classname="customerTest.customerTest" name="customerTest003" time="0.0">
    <skipped/>
  </testcase> <!-- customerTest003 -->
  <testcase classname="customerTest.customerTest" name="customerTest004" time="0.0">
    <skipped/>
  </testcase> <!-- customerTest004 -->
  <testcase classname="customerTest.customerTest" name="customerTest005" time="0.0">
    <skipped/>
  </testcase> <!-- customerTest005 -->
  <testcase classname="customerTest.customerTest" name="customerTest006" time="0.0">
    <skipped/>
  </testcase> <!-- customerTest006 -->
  <testcase classname="customerTest.customerTest" name="customerTest007" time="0.0">
    <skipped/>
  </testcase> <!-- customerTest007 -->
  <testcase classname="customerTest.customerTest" name="customerTest008" time="0.0">
    <skipped/>
  </testcase> <!-- customerTest008 -->
  <testcase classname="customerTest.customerTest" name="customerTest009" time="0.0">
    <skipped/>
  </testcase> <!-- customerTest009 -->
</testsuite> <!-- Default test -->
